<?xml version="1.0" encoding="UTF-8"?>
<!-- Generated by org.testng.reporters.JUnitXMLReporter -->
<testsuite ignored="1" hostname="AkhilaLaptop" failures="0" tests="1" name="Default test" time="31.451" errors="0" timestamp="03 Feb 2023 23:09:16 GMT">
  <testcase classname="com.pages.HomePageTest" name="logutButtonDisplayTest" time="7.569"/>
  <testcase classname="com.pages.HomePageTest" name="dashboardDisplayTest" time="0.0">
    <ignored/>
  </testcase> <!-- dashboardDisplayTest -->
</testsuite> <!-- Default test -->
