<?xml version="1.0" encoding="UTF-8"?>
<!-- Generated by org.testng.reporters.JUnitXMLReporter -->
<testsuite ignored="0" hostname="AkhilaLaptop" failures="0" tests="4" name="Test" time="128.877" errors="0" timestamp="03 Feb 2023 23:11:37 GMT">
  <testcase classname="com.pages.LoginPageTest" name="loginButtonDisplayTest" time="2.055"/>
  <testcase classname="com.pages.LoginPageTest" name="loginHeadingDisplayTest" time="2.087"/>
  <testcase classname="com.pages.HomePageTest" name="dashboardDisplayTest" time="5.021"/>
  <testcase classname="com.pages.HomePageTest" name="logutButtonDisplayTest" time="9.496"/>
</testsuite> <!-- Test -->
