<?xml version="1.0" encoding="UTF-8"?>
<!-- Generated by org.testng.reporters.JUnitXMLReporter -->
<testsuite ignored="0" hostname="AkhilaLaptop" failures="0" tests="4" name="Test" time="136.562" errors="0" timestamp="03 Feb 2023 23:39:43 GMT">
  <testcase classname="com.tests.LoginPageTest" name="loginButtonDisplayTest" time="2.052"/>
  <testcase classname="com.tests.LoginPageTest" name="loginHeadingDisplayTest" time="2.083"/>
  <testcase classname="com.tests.HomePageTest" name="dashboardDisplayTest" time="5.172"/>
  <testcase classname="com.tests.HomePageTest" name="logutButtonDisplayTest" time="7.362"/>
</testsuite> <!-- Test -->
