<?xml version="1.0" encoding="UTF-8"?>
<testng-results ignored="0" total="4" passed="4" failed="0" skipped="0">
  <reporter-output>
  </reporter-output>
  <suite started-at="2023-02-03T23:09:28Z" name="Suite" finished-at="2023-02-03T23:11:37Z" duration-ms="128877">
    <groups>
    </groups>
    <test started-at="2023-02-03T23:09:28Z" name="Test" finished-at="2023-02-03T23:11:37Z" duration-ms="128877">
      <class name="com.pages.HomePageTest">
        <test-method is-config="true" signature="setUp()[pri:0, instance:com.pages.HomePageTest@7a67e3c6]" started-at="2023-02-03T23:10:19Z" name="setUp" finished-at="2023-02-03T23:10:44Z" duration-ms="24293" status="PASS">
          <reporter-output>
          </reporter-output>
        </test-method> <!-- setUp -->
        <test-method signature="dashboardDisplayTest()[pri:0, instance:com.pages.HomePageTest@7a67e3c6]" started-at="2023-02-03T23:10:44Z" name="dashboardDisplayTest" finished-at="2023-02-03T23:10:49Z" duration-ms="5021" status="PASS">
          <reporter-output>
          </reporter-output>
        </test-method> <!-- dashboardDisplayTest -->
        <test-method is-config="true" signature="claenup()[pri:0, instance:com.pages.HomePageTest@7a67e3c6]" started-at="2023-02-03T23:10:49Z" name="claenup" finished-at="2023-02-03T23:10:49Z" duration-ms="109" status="PASS">
          <reporter-output>
          </reporter-output>
        </test-method> <!-- claenup -->
        <test-method is-config="true" signature="setUp()[pri:0, instance:com.pages.HomePageTest@7a67e3c6]" started-at="2023-02-03T23:10:49Z" name="setUp" finished-at="2023-02-03T23:11:11Z" duration-ms="22356" status="PASS">
          <reporter-output>
          </reporter-output>
        </test-method> <!-- setUp -->
        <test-method signature="logutButtonDisplayTest()[pri:0, instance:com.pages.HomePageTest@7a67e3c6]" started-at="2023-02-03T23:11:11Z" name="logutButtonDisplayTest" finished-at="2023-02-03T23:11:21Z" duration-ms="9496" status="PASS">
          <reporter-output>
          </reporter-output>
        </test-method> <!-- logutButtonDisplayTest -->
        <test-method is-config="true" signature="claenup()[pri:0, instance:com.pages.HomePageTest@7a67e3c6]" started-at="2023-02-03T23:11:21Z" name="claenup" finished-at="2023-02-03T23:11:37Z" duration-ms="16284" status="PASS">
          <reporter-output>
          </reporter-output>
        </test-method> <!-- claenup -->
      </class> <!-- com.pages.HomePageTest -->
      <class name="com.pages.LoginPageTest">
        <test-method is-config="true" signature="setUp()[pri:0, instance:com.pages.LoginPageTest@106cc338]" started-at="2023-02-03T23:09:28Z" name="setUp" finished-at="2023-02-03T23:09:55Z" duration-ms="27411" status="PASS">
          <reporter-output>
          </reporter-output>
        </test-method> <!-- setUp -->
        <test-method signature="loginButtonDisplayTest()[pri:0, instance:com.pages.LoginPageTest@106cc338]" started-at="2023-02-03T23:09:55Z" name="loginButtonDisplayTest" finished-at="2023-02-03T23:09:58Z" duration-ms="2055" status="PASS">
          <reporter-output>
          </reporter-output>
        </test-method> <!-- loginButtonDisplayTest -->
        <test-method is-config="true" signature="cleanup()[pri:0, instance:com.pages.LoginPageTest@106cc338]" started-at="2023-02-03T23:09:58Z" name="cleanup" finished-at="2023-02-03T23:09:58Z" duration-ms="128" status="PASS">
          <reporter-output>
          </reporter-output>
        </test-method> <!-- cleanup -->
        <test-method is-config="true" signature="setUp()[pri:0, instance:com.pages.LoginPageTest@106cc338]" started-at="2023-02-03T23:09:58Z" name="setUp" finished-at="2023-02-03T23:10:17Z" duration-ms="19506" status="PASS">
          <reporter-output>
          </reporter-output>
        </test-method> <!-- setUp -->
        <test-method signature="loginHeadingDisplayTest()[pri:0, instance:com.pages.LoginPageTest@106cc338]" started-at="2023-02-03T23:10:17Z" name="loginHeadingDisplayTest" finished-at="2023-02-03T23:10:19Z" duration-ms="2087" status="PASS">
          <reporter-output>
          </reporter-output>
        </test-method> <!-- loginHeadingDisplayTest -->
        <test-method is-config="true" signature="cleanup()[pri:0, instance:com.pages.LoginPageTest@106cc338]" started-at="2023-02-03T23:10:19Z" name="cleanup" finished-at="2023-02-03T23:10:19Z" duration-ms="98" status="PASS">
          <reporter-output>
          </reporter-output>
        </test-method> <!-- cleanup -->
      </class> <!-- com.pages.LoginPageTest -->
    </test> <!-- Test -->
  </suite> <!-- Suite -->
</testng-results>
