<?xml version="1.0" encoding="UTF-8"?>
<testng-results ignored="0" total="4" passed="4" failed="0" skipped="0">
  <reporter-output>
  </reporter-output>
  <suite started-at="2023-02-03T23:37:27Z" name="Suite" finished-at="2023-02-03T23:39:43Z" duration-ms="136562">
    <groups>
    </groups>
    <test started-at="2023-02-03T23:37:27Z" name="Test" finished-at="2023-02-03T23:39:43Z" duration-ms="136562">
      <class name="com.tests.LoginPageTest">
        <test-method is-config="true" signature="setUp()[pri:0, instance:com.tests.LoginPageTest@106cc338]" started-at="2023-02-03T23:37:27Z" name="setUp" finished-at="2023-02-03T23:37:50Z" duration-ms="23130" status="PASS">
          <reporter-output>
          </reporter-output>
        </test-method> <!-- setUp -->
        <test-method signature="loginButtonDisplayTest()[pri:0, instance:com.tests.LoginPageTest@106cc338]" started-at="2023-02-03T23:37:50Z" name="loginButtonDisplayTest" finished-at="2023-02-03T23:37:52Z" duration-ms="2052" status="PASS">
          <reporter-output>
          </reporter-output>
        </test-method> <!-- loginButtonDisplayTest -->
        <test-method is-config="true" signature="cleanup()[pri:0, instance:com.tests.LoginPageTest@106cc338]" started-at="2023-02-03T23:37:52Z" name="cleanup" finished-at="2023-02-03T23:37:52Z" duration-ms="175" status="PASS">
          <reporter-output>
          </reporter-output>
        </test-method> <!-- cleanup -->
        <test-method is-config="true" signature="setUp()[pri:0, instance:com.tests.LoginPageTest@106cc338]" started-at="2023-02-03T23:37:52Z" name="setUp" finished-at="2023-02-03T23:38:16Z" duration-ms="23652" status="PASS">
          <reporter-output>
          </reporter-output>
        </test-method> <!-- setUp -->
        <test-method signature="loginHeadingDisplayTest()[pri:0, instance:com.tests.LoginPageTest@106cc338]" started-at="2023-02-03T23:38:16Z" name="loginHeadingDisplayTest" finished-at="2023-02-03T23:38:18Z" duration-ms="2083" status="PASS">
          <reporter-output>
          </reporter-output>
        </test-method> <!-- loginHeadingDisplayTest -->
        <test-method is-config="true" signature="cleanup()[pri:0, instance:com.tests.LoginPageTest@106cc338]" started-at="2023-02-03T23:38:18Z" name="cleanup" finished-at="2023-02-03T23:38:18Z" duration-ms="130" status="PASS">
          <reporter-output>
          </reporter-output>
        </test-method> <!-- cleanup -->
      </class> <!-- com.tests.LoginPageTest -->
      <class name="com.tests.HomePageTest">
        <test-method is-config="true" signature="setUp()[pri:0, instance:com.tests.HomePageTest@7a67e3c6]" started-at="2023-02-03T23:38:18Z" name="setUp" finished-at="2023-02-03T23:38:50Z" duration-ms="32399" status="PASS">
          <reporter-output>
          </reporter-output>
        </test-method> <!-- setUp -->
        <test-method signature="dashboardDisplayTest()[pri:0, instance:com.tests.HomePageTest@7a67e3c6]" started-at="2023-02-03T23:38:50Z" name="dashboardDisplayTest" finished-at="2023-02-03T23:38:56Z" duration-ms="5172" status="PASS">
          <reporter-output>
          </reporter-output>
        </test-method> <!-- dashboardDisplayTest -->
        <test-method is-config="true" signature="claenup()[pri:0, instance:com.tests.HomePageTest@7a67e3c6]" started-at="2023-02-03T23:38:56Z" name="claenup" finished-at="2023-02-03T23:38:56Z" duration-ms="179" status="PASS">
          <reporter-output>
          </reporter-output>
        </test-method> <!-- claenup -->
        <test-method is-config="true" signature="setUp()[pri:0, instance:com.tests.HomePageTest@7a67e3c6]" started-at="2023-02-03T23:38:56Z" name="setUp" finished-at="2023-02-03T23:39:20Z" duration-ms="23952" status="PASS">
          <reporter-output>
          </reporter-output>
        </test-method> <!-- setUp -->
        <test-method signature="logutButtonDisplayTest()[pri:0, instance:com.tests.HomePageTest@7a67e3c6]" started-at="2023-02-03T23:39:20Z" name="logutButtonDisplayTest" finished-at="2023-02-03T23:39:27Z" duration-ms="7362" status="PASS">
          <reporter-output>
          </reporter-output>
        </test-method> <!-- logutButtonDisplayTest -->
        <test-method is-config="true" signature="claenup()[pri:0, instance:com.tests.HomePageTest@7a67e3c6]" started-at="2023-02-03T23:39:27Z" name="claenup" finished-at="2023-02-03T23:39:43Z" duration-ms="16231" status="PASS">
          <reporter-output>
          </reporter-output>
        </test-method> <!-- claenup -->
      </class> <!-- com.tests.HomePageTest -->
    </test> <!-- Test -->
  </suite> <!-- Suite -->
</testng-results>
